<?xml version="1.0" encoding="UTF-8" ?>
<testsuite tests="29" failures="1" name="TestSuite" time="37.399" errors="0" skipped="19">
  <properties>
    <property name="java.runtime.name" value="Java(TM) SE Runtime Environment"/>
    <property name="sun.boot.library.path" value="C:\Program Files\Java\jdk1.8.0_144\jre\bin"/>
    <property name="java.vm.version" value="25.144-b01"/>
    <property name="java.vm.vendor" value="Oracle Corporation"/>
    <property name="maven.multiModuleProjectDirectory" value="C:\Users\AMOL\Desktop\AmazonKindleFinal\AmazonKindle"/>
    <property name="java.vendor.url" value="http://java.oracle.com/"/>
    <property name="path.separator" value=";"/>
    <property name="guice.disable.misplaced.annotation.check" value="true"/>
    <property name="java.vm.name" value="Java HotSpot(TM) Client VM"/>
    <property name="file.encoding.pkg" value="sun.io"/>
    <property name="user.script" value=""/>
    <property name="user.country" value="IN"/>
    <property name="sun.java.launcher" value="SUN_STANDARD"/>
    <property name="sun.os.patch.level" value=""/>
    <property name="java.vm.specification.name" value="Java Virtual Machine Specification"/>
    <property name="user.dir" value="C:\Users\AMOL\Desktop\AmazonKindleFinal\AmazonKindle"/>
    <property name="java.runtime.version" value="1.8.0_144-b01"/>
    <property name="java.awt.graphicsenv" value="sun.awt.Win32GraphicsEnvironment"/>
    <property name="java.endorsed.dirs" value="C:\Program Files\Java\jdk1.8.0_144\jre\lib\endorsed"/>
    <property name="os.arch" value="x86"/>
    <property name="java.io.tmpdir" value="C:\Users\AMOL\AppData\Local\Temp\"/>
    <property name="line.separator" value="
"/>
    <property name="java.vm.specification.vendor" value="Oracle Corporation"/>
    <property name="user.variant" value=""/>
    <property name="os.name" value="Windows 7"/>
    <property name="classworlds.conf" value="C:\Users\AMOL\workspace\AmazonKindleFinal\.metadata\.plugins\org.eclipse.m2e.launching\launches\m2conf6740531664306535036.tmp"/>
    <property name="sun.jnu.encoding" value="Cp1252"/>
    <property name="java.library.path" value="C:\Program Files\Java\jdk1.8.0_144\bin;C:\Windows\Sun\Java\bin;C:\Windows\system32;C:\Windows;C:/Java1.8/bin/client;C:/Java1.8/bin;C:/Java1.8/lib/i386;C:\ProgramData\Oracle\Java\javapath;C:\Windows\system32;C:\Windows;C:\Windows\System32\Wbem;C:\Windows\System32\WindowsPowerShell\v1.0\;C:\Program Files\WIDCOMM\Bluetooth Software\;C:\Users\AMOL\Desktop\Automation\Setup\IEDriverServer_Win32_3.6.0;C:\Program Files\Skype\Phone\;C:\Program Files\nodejs\;C:\Program Files\Java\jdk1.8.0_144\bin;C:\Users\AMOL\AppData\Roaming\npm;C:\Users\AMOL\Desktop\Automation\Setup\eclipse-jee-neon-3-win32\eclipse;;."/>
    <property name="java.specification.name" value="Java Platform API Specification"/>
    <property name="java.class.version" value="52.0"/>
    <property name="sun.management.compiler" value="HotSpot Client Compiler"/>
    <property name="os.version" value="6.1"/>
    <property name="user.home" value="C:\Users\AMOL"/>
    <property name="user.timezone" value="Asia/Calcutta"/>
    <property name="java.awt.printerjob" value="sun.awt.windows.WPrinterJob"/>
    <property name="java.specification.version" value="1.8"/>
    <property name="file.encoding" value="Cp1252"/>
    <property name="user.name" value="AMOL"/>
    <property name="java.class.path" value="/C:/Users/AMOL/Desktop/Automation/Setup/eclipse-jee-neon-3-win32/eclipse/plugins/org.eclipse.m2e.maven.runtime_1.7.0.20160603-1931/jars/plexus-classworlds-2.5.2.jar"/>
    <property name="java.vm.specification.version" value="1.8"/>
    <property name="sun.arch.data.model" value="32"/>
    <property name="java.home" value="C:\Program Files\Java\jdk1.8.0_144\jre"/>
    <property name="sun.java.command" value="org.codehaus.plexus.classworlds.launcher.Launcher -B test"/>
    <property name="java.specification.vendor" value="Oracle Corporation"/>
    <property name="user.language" value="en"/>
    <property name="awt.toolkit" value="sun.awt.windows.WToolkit"/>
    <property name="java.vm.info" value="mixed mode, sharing"/>
    <property name="java.version" value="1.8.0_144"/>
    <property name="java.ext.dirs" value="C:\Program Files\Java\jdk1.8.0_144\jre\lib\ext;C:\Windows\Sun\Java\lib\ext"/>
    <property name="sun.boot.class.path" value="C:\Program Files\Java\jdk1.8.0_144\jre\lib\resources.jar;C:\Program Files\Java\jdk1.8.0_144\jre\lib\rt.jar;C:\Program Files\Java\jdk1.8.0_144\jre\lib\sunrsasign.jar;C:\Program Files\Java\jdk1.8.0_144\jre\lib\jsse.jar;C:\Program Files\Java\jdk1.8.0_144\jre\lib\jce.jar;C:\Program Files\Java\jdk1.8.0_144\jre\lib\charsets.jar;C:\Program Files\Java\jdk1.8.0_144\jre\lib\jfr.jar;C:\Program Files\Java\jdk1.8.0_144\jre\classes"/>
    <property name="java.vendor" value="Oracle Corporation"/>
    <property name="maven.home" value="C:\Users\AMOL\Desktop\AmazonKindleFinal\AmazonKindle\EMBEDDED"/>
    <property name="file.separator" value="\"/>
    <property name="java.vendor.url.bug" value="http://bugreport.sun.com/bugreport/"/>
    <property name="sun.cpu.endian" value="little"/>
    <property name="sun.io.unicode.encoding" value="UnicodeLittle"/>
    <property name="sun.desktop" value="windows"/>
    <property name="sun.cpu.isalist" value="pentium_pro+mmx pentium_pro pentium+mmx pentium i486 i386 i86"/>
  </properties>
  <testcase classname="com.amazon.testscript.VerifyKindleOrderPageTest" name="setupDriver" time="5.42">
    <failure message="Build info: version: &apos;2.45.0&apos;, revision: &apos;5017cb8e7ca8e37638dc3091b2440b90a1d8686f&apos;, time: &apos;2015-02-27 09:10:26&apos;
System info: host: &apos;AMOL-PC&apos;, ip: &apos;192.168.43.95&apos;, os.name: &apos;Windows 7&apos;, os.arch: &apos;x86&apos;, os.version: &apos;6.1&apos;, java.version: &apos;1.8.0_144&apos;
Driver info: org.openqa.selenium.ie.InternetExplorerDriver
Capabilities [{capabilities={proxy={}, acceptInsecureCerts=false, browserVersion=8, se:ieOptions={nativeEvents=true, browserAttachTimeout=0, ie.ensureCleanSession=false, elementScrollBehavior=0, enablePersistentHover=true, ie.browserCommandLineSwitches=, ie.forceCreateProcessApi=false, requireWindowFocus=false, initialBrowserUrl=http://localhost:34676/, ignoreZoomSetting=false, ie.fileUploadDialogTimeout=3000, ignoreProtectedModeSettings=false}, timeouts={implicit=0, pageLoad=300000, script=30000}, browserName=internet explorer, pageLoadStrategy=normal, unhandledPromptBehavior=dismiss, platformName=windows, setWindowRect=true}, sessionId=d9c2cdd7-8b50-44a9-ac69-df27ec4a67c1, platform=ANY}]
Session ID: null" type="org.openqa.selenium.UnsupportedCommandException">org.openqa.selenium.UnsupportedCommandException: Build info: version: &apos;2.45.0&apos;, revision: &apos;5017cb8e7ca8e37638dc3091b2440b90a1d8686f&apos;, time: &apos;2015-02-27 09:10:26&apos;
System info: host: &apos;AMOL-PC&apos;, ip: &apos;192.168.43.95&apos;, os.name: &apos;Windows 7&apos;, os.arch: &apos;x86&apos;, os.version: &apos;6.1&apos;, java.version: &apos;1.8.0_144&apos;
Driver info: org.openqa.selenium.ie.InternetExplorerDriver
Capabilities [{capabilities={proxy={}, acceptInsecureCerts=false, browserVersion=8, se:ieOptions={nativeEvents=true, browserAttachTimeout=0, ie.ensureCleanSession=false, elementScrollBehavior=0, enablePersistentHover=true, ie.browserCommandLineSwitches=, ie.forceCreateProcessApi=false, requireWindowFocus=false, initialBrowserUrl=http://localhost:34676/, ignoreZoomSetting=false, ie.fileUploadDialogTimeout=3000, ignoreProtectedModeSettings=false}, timeouts={implicit=0, pageLoad=300000, script=30000}, browserName=internet explorer, pageLoadStrategy=normal, unhandledPromptBehavior=dismiss, platformName=windows, setWindowRect=true}, sessionId=d9c2cdd7-8b50-44a9-ac69-df27ec4a67c1, platform=ANY}]
Session ID: null
	at sun.reflect.NativeConstructorAccessorImpl.newInstance0(Native Method)
	at sun.reflect.NativeConstructorAccessorImpl.newInstance(NativeConstructorAccessorImpl.java:62)
	at sun.reflect.DelegatingConstructorAccessorImpl.newInstance(DelegatingConstructorAccessorImpl.java:45)
	at java.lang.reflect.Constructor.newInstance(Constructor.java:423)
	at org.openqa.selenium.remote.ErrorHandler.createThrowable(ErrorHandler.java:204)
	at org.openqa.selenium.remote.ErrorHandler.throwIfResponseFailed(ErrorHandler.java:156)
	at org.openqa.selenium.remote.RemoteWebDriver.execute(RemoteWebDriver.java:599)
	at org.openqa.selenium.remote.RemoteWebDriver$RemoteWebDriverOptions$RemoteWindow.maximize(RemoteWebDriver.java:837)
	at com.amazon.test.ScriptFactory.setupDriver(ScriptFactory.java:89)
	at sun.reflect.NativeMethodAccessorImpl.invoke0(Native Method)
	at sun.reflect.NativeMethodAccessorImpl.invoke(NativeMethodAccessorImpl.java:62)
	at sun.reflect.DelegatingMethodAccessorImpl.invoke(DelegatingMethodAccessorImpl.java:43)
	at java.lang.reflect.Method.invoke(Method.java:498)
	at org.testng.internal.MethodInvocationHelper.invokeMethod(MethodInvocationHelper.java:86)
	at org.testng.internal.Invoker.invokeConfigurationMethod(Invoker.java:514)
	at org.testng.internal.Invoker.invokeConfigurations(Invoker.java:215)
	at org.testng.internal.Invoker.invokeConfigurations(Invoker.java:142)
	at org.testng.internal.TestMethodWorker.invokeBeforeClassMethods(TestMethodWorker.java:178)
	at org.testng.internal.TestMethodWorker.run(TestMethodWorker.java:108)
	at org.testng.TestRunner.privateRun(TestRunner.java:782)
	at org.testng.TestRunner.run(TestRunner.java:632)
	at org.testng.SuiteRunner.runTest(SuiteRunner.java:366)
	at org.testng.SuiteRunner.access$000(SuiteRunner.java:39)
	at org.testng.SuiteRunner$SuiteWorker.run(SuiteRunner.java:400)
	at org.testng.internal.thread.ThreadUtil$2.call(ThreadUtil.java:64)
	at java.util.concurrent.FutureTask.run(FutureTask.java:266)
	at java.util.concurrent.ThreadPoolExecutor.runWorker(ThreadPoolExecutor.java:1149)
	at java.util.concurrent.ThreadPoolExecutor$Worker.run(ThreadPoolExecutor.java:624)
	at java.lang.Thread.run(Thread.java:748)
</failure>
    <system-err>Starting ChromeDriver 2.43.600210 (68dcf5eebde37173d4027fa8635e332711d2874a) on port 47042
Only local connections are allowed.
Started InternetExplorerDriver server (32-bit)
3.14.0.0
Listening on port 34676
Only local connections are allowed
</system-err>
  </testcase>
  <testcase classname="com.amazon.testscript.VerifyKindleOrderPageTest" name="beforeMethod" time="5.431">
    <skipped/>
  </testcase>
  <testcase classname="com.amazon.testscript.VerifyKindleOrderPageTest" name="verifyShopByDepartment" time="0">
    <skipped/>
  </testcase>
  <testcase classname="com.amazon.testscript.VerifyKindleOrderPageTest" name="beforeMethod" time="0">
    <skipped/>
  </testcase>
  <testcase classname="com.amazon.testscript.VerifyKindleOrderPageTest" name="verifyKindle" time="0">
    <skipped/>
  </testcase>
  <testcase classname="com.amazon.testscript.VerifyKindleOrderPageTest" name="beforeMethod" time="0">
    <skipped/>
  </testcase>
  <testcase classname="com.amazon.testscript.VerifyKindleOrderPageTest" name="verifyKindlePaperWhite" time="0">
    <skipped/>
  </testcase>
  <testcase classname="com.amazon.testscript.VerifyKindleOrderPageTest" name="beforeMethod" time="0">
    <skipped/>
  </testcase>
  <testcase classname="com.amazon.testscript.VerifyKindleOrderPageTest" name="verifyQuantityDropdown" time="0">
    <skipped/>
  </testcase>
  <testcase classname="com.amazon.testscript.VerifyKindleOrderPageTest" name="beforeMethod" time="0.001">
    <skipped/>
  </testcase>
  <testcase classname="com.amazon.testscript.VerifyKindleOrderPageTest" name="verifyQuantitySelection" time="0">
    <skipped/>
  </testcase>
  <testcase classname="com.amazon.testscript.VerifyKindleOrderPageTest" name="beforeMethod" time="0.001">
    <skipped/>
  </testcase>
  <testcase classname="com.amazon.testscript.VerifyKindleOrderPageTest" name="verifyAddToCartBtn" time="0">
    <skipped/>
  </testcase>
  <testcase classname="com.amazon.testscript.VerifyKindleOrderPageTest" name="beforeMethod" time="0">
    <skipped/>
  </testcase>
  <testcase classname="com.amazon.testscript.VerifyKindleOrderPageTest" name="verifyNoExtraItem" time="0.001">
    <skipped/>
  </testcase>
  <testcase classname="com.amazon.testscript.VerifyKindleOrderPageTest" name="beforeMethod" time="0.001">
    <skipped/>
  </testcase>
  <testcase classname="com.amazon.testscript.VerifyKindleOrderPageTest" name="verifyCheckout" time="0.001">
    <skipped/>
  </testcase>
  <testcase classname="com.amazon.testscript.VerifyKindleOrderPageTest" name="beforeMethod" time="0.001">
    <skipped/>
  </testcase>
  <testcase classname="com.amazon.testscript.VerifyKindleOrderPageTest" name="verifySignIn" time="0">
    <skipped/>
  </testcase>
  <testcase classname="com.amazon.testscript.VerifyKindleOrderPageTest" name="closeDriver" time="0">
    <skipped/>
  </testcase>
  <testcase classname="com.amazon.testscript.VerifyKindleOrderPageTest" name="verifyShopByDepartment" time="0.302"/>
  <testcase classname="com.amazon.testscript.VerifyKindleOrderPageTest" name="verifyKindle" time="0.149"/>
  <testcase classname="com.amazon.testscript.VerifyKindleOrderPageTest" name="verifyKindlePaperWhite" time="11.512"/>
  <testcase classname="com.amazon.testscript.VerifyKindleOrderPageTest" name="verifyQuantityDropdown" time="2.082"/>
  <testcase classname="com.amazon.testscript.VerifyKindleOrderPageTest" name="verifyQuantitySelection" time="0.304"/>
  <testcase classname="com.amazon.testscript.VerifyKindleOrderPageTest" name="verifyAddToCartBtn" time="0.54"/>
  <testcase classname="com.amazon.testscript.VerifyKindleOrderPageTest" name="verifyNoExtraItem" time="6.992"/>
  <testcase classname="com.amazon.testscript.VerifyKindleOrderPageTest" name="verifyCheckout" time="4.536"/>
  <testcase classname="com.amazon.testscript.VerifyKindleOrderPageTest" name="verifySignIn" time="0.125"/>
</testsuite>